[debug] [2020-03-09T11:02:18.497Z] ----------------------------------------------------------------------
[debug] [2020-03-09T11:02:18.499Z] Command:       /home/rad/.nvm/versions/node/v12.6.0/bin/node /home/rad/.nvm/versions/node/v12.6.0/bin/firebase serve
[debug] [2020-03-09T11:02:18.499Z] CLI Version:   7.14.0
[debug] [2020-03-09T11:02:18.499Z] Platform:      linux
[debug] [2020-03-09T11:02:18.499Z] Node Version:  v12.6.0
[debug] [2020-03-09T11:02:18.508Z] Time:          Mon Mar 09 2020 12:02:18 GMT+0100 (Central European Standard Time)
[debug] [2020-03-09T11:02:18.508Z] ----------------------------------------------------------------------
[debug] [2020-03-09T11:02:18.508Z] 
[debug] [2020-03-09T11:02:18.553Z] > command requires scopes: ["email","openid","https://www.googleapis.com/auth/cloudplatformprojects.readonly","https://www.googleapis.com/auth/firebase","https://www.googleapis.com/auth/cloud-platform"]
[debug] [2020-03-09T11:02:18.554Z] > authorizing via signed-in user
[debug] [2020-03-09T11:02:18.554Z] [iam] checking project training-doctor for permissions ["firebase.projects.get"]
[debug] [2020-03-09T11:02:18.557Z] > refreshing access token with scopes: ["email","https://www.googleapis.com/auth/cloud-platform","https://www.googleapis.com/auth/cloudplatformprojects.readonly","https://www.googleapis.com/auth/firebase","openid"]
[debug] [2020-03-09T11:02:18.557Z] >>> HTTP REQUEST POST https://www.googleapis.com/oauth2/v3/token  
 <request body omitted>
[debug] [2020-03-09T11:02:18.837Z] <<< HTTP RESPONSE 200
[debug] [2020-03-09T11:02:18.848Z] >>> HTTP REQUEST POST https://cloudresourcemanager.googleapis.com/v1/projects/training-doctor:testIamPermissions  

[debug] [2020-03-09T11:02:19.742Z] <<< HTTP RESPONSE 200
[debug] [2020-03-09T11:02:19.744Z] >>> HTTP REQUEST GET https://firebase.googleapis.com/v1beta1/projects/training-doctor  
 
[debug] [2020-03-09T11:02:20.048Z] <<< HTTP RESPONSE 200
[info] 
[info] === Serving from '/mnt/d/webProjects/trainingDoctor'...
[info] 
[debug] [2020-03-09T11:02:20.053Z] >>> HTTP REQUEST GET https://firebase.googleapis.com/v1beta1/projects/training-doctor/webApps/-/config  
 
[warn] ⚠  Your requested "node" version "8" doesn't match your global version "12"
[info] ✔  functions: functions emulator started at http://localhost:5001
[debug] [2020-03-09T11:02:20.812Z] <<< HTTP RESPONSE 200
[info] i  functions: Watching "/mnt/d/webProjects/trainingDoctor/functions" for Cloud Functions...
[debug] [2020-03-09T11:02:21.152Z] [worker-pool] addWorker(~diagnostic~)
[debug] [2020-03-09T11:02:21.153Z] [worker-pool] Adding worker with key ~diagnostic~, total=1
[debug] [2020-03-09T11:02:21.153Z] [worker-pool] submitWork(triggerId=)
[debug] [2020-03-09T11:02:21.155Z] [worker-~diagnostic~-d275e235-d64d-4a25-b3b6-f77735128aea]: Assigning socketPath: /tmp/fire_emu_2214.sock
[debug] [2020-03-09T11:02:21.155Z] [worker-~diagnostic~-d275e235-d64d-4a25-b3b6-f77735128aea]: BUSY
[info] i  hosting: Serving hosting files from: build
[info] ✔  hosting: Local server: http://localhost:5000
[debug] [2020-03-09T11:02:21.910Z] [runtime-status] [2214] Functions runtime initialized. {"cwd":"/mnt/d/webProjects/trainingDoctor/functions","node_version":"12.6.0"}
[debug] [2020-03-09T11:02:21.919Z] [runtime-status] [2214] Disabled runtime features: {"functions_config_helper":true,"network_filtering":true,"timeout":true,"memory_limiting":true,"admin_stubs":true,"pubsub_emulator":true}
[debug] [2020-03-09T11:02:22.045Z] [runtime-status] [2214] Resolved module firebase-admin {"declared":true,"installed":true,"version":"8.9.2","resolution":"/mnt/d/webProjects/trainingDoctor/functions/node_modules/firebase-admin/lib/index.js"}
[debug] [2020-03-09T11:02:22.365Z] [runtime-status] [2214] Resolved module firebase-functions {"declared":true,"installed":true,"version":"3.3.0","resolution":"/mnt/d/webProjects/trainingDoctor/functions/node_modules/firebase-functions/lib/index.js"}
[debug] [2020-03-09T11:02:22.366Z] [runtime-status] [2214] Resolved module firebase-functions {"declared":true,"installed":true,"version":"3.3.0","resolution":"/mnt/d/webProjects/trainingDoctor/functions/node_modules/firebase-functions/lib/index.js"}
[debug] [2020-03-09T11:03:04.107Z] [worker-~diagnostic~-d275e235-d64d-4a25-b3b6-f77735128aea]: IDLE
[info] ✔  functions[api]: http function initialized (http://localhost:5001/training-doctor/europe-west1/api).
[debug] [2020-03-09T11:04:10.753Z] File /mnt/d/webProjects/trainingDoctor/functions/handlers/userHandlers.js changed, reloading triggers
[debug] [2020-03-09T11:04:11.755Z] [worker-pool] Shutting down IDLE worker (~diagnostic~)
[debug] [2020-03-09T11:04:11.755Z] [worker-~diagnostic~-d275e235-d64d-4a25-b3b6-f77735128aea]: FINISHING
[debug] [2020-03-09T11:04:11.786Z] [worker-pool] addWorker(~diagnostic~)
[debug] [2020-03-09T11:04:11.786Z] [worker-pool] Adding worker with key ~diagnostic~, total=2
[debug] [2020-03-09T11:04:11.786Z] [worker-pool] submitWork(triggerId=)
[debug] [2020-03-09T11:04:11.786Z] [worker-~diagnostic~-743666e4-c4c8-4bac-b3a3-845e3bcbd070]: Assigning socketPath: /tmp/fire_emu_2237.sock
[debug] [2020-03-09T11:04:11.787Z] [worker-~diagnostic~-743666e4-c4c8-4bac-b3a3-845e3bcbd070]: BUSY
[debug] [2020-03-09T11:04:11.796Z] [worker-~diagnostic~-d275e235-d64d-4a25-b3b6-f77735128aea]: exited
[debug] [2020-03-09T11:04:11.796Z] [worker-~diagnostic~-d275e235-d64d-4a25-b3b6-f77735128aea]: FINISHED
[debug] [2020-03-09T11:04:12.254Z] [runtime-status] [2237] Functions runtime initialized. {"cwd":"/mnt/d/webProjects/trainingDoctor/functions","node_version":"12.6.0"}
[debug] [2020-03-09T11:04:12.256Z] [runtime-status] [2237] Disabled runtime features: {"functions_config_helper":true,"network_filtering":true,"timeout":true,"memory_limiting":true,"admin_stubs":true,"pubsub_emulator":true}
[debug] [2020-03-09T11:04:12.258Z] [runtime-status] [2237] Resolved module firebase-admin {"declared":true,"installed":true,"version":"8.9.2","resolution":"/mnt/d/webProjects/trainingDoctor/functions/node_modules/firebase-admin/lib/index.js"}
[debug] [2020-03-09T11:04:12.260Z] [runtime-status] [2237] Resolved module firebase-functions {"declared":true,"installed":true,"version":"3.3.0","resolution":"/mnt/d/webProjects/trainingDoctor/functions/node_modules/firebase-functions/lib/index.js"}
[debug] [2020-03-09T11:04:12.261Z] [runtime-status] [2237] Resolved module firebase-functions {"declared":true,"installed":true,"version":"3.3.0","resolution":"/mnt/d/webProjects/trainingDoctor/functions/node_modules/firebase-functions/lib/index.js"}
[debug] [2020-03-09T11:04:13.762Z] [worker-~diagnostic~-743666e4-c4c8-4bac-b3a3-845e3bcbd070]: IDLE
[debug] [2020-03-09T16:33:31.968Z] File /mnt/d/webProjects/trainingDoctor/functions/handlers/userHandlers.js changed, reloading triggers
[debug] [2020-03-09T16:33:32.969Z] [worker-pool] Shutting down IDLE worker (~diagnostic~)
[debug] [2020-03-09T16:33:32.970Z] [worker-~diagnostic~-743666e4-c4c8-4bac-b3a3-845e3bcbd070]: FINISHING
[debug] [2020-03-09T16:33:32.970Z] [worker-pool] Cleaned up workers for ~diagnostic~: 2 --> 1
[debug] [2020-03-09T16:33:32.994Z] [worker-pool] addWorker(~diagnostic~)
[debug] [2020-03-09T16:33:32.994Z] [worker-pool] Adding worker with key ~diagnostic~, total=2
[debug] [2020-03-09T16:33:32.994Z] [worker-pool] submitWork(triggerId=)
[debug] [2020-03-09T16:33:32.994Z] [worker-~diagnostic~-0b71ce38-b118-449c-9a88-486b29cc8976]: Assigning socketPath: /tmp/fire_emu_2348.sock
[debug] [2020-03-09T16:33:32.995Z] [worker-~diagnostic~-0b71ce38-b118-449c-9a88-486b29cc8976]: BUSY
[debug] [2020-03-09T16:33:32.996Z] [worker-~diagnostic~-743666e4-c4c8-4bac-b3a3-845e3bcbd070]: exited
[debug] [2020-03-09T16:33:32.996Z] [worker-~diagnostic~-743666e4-c4c8-4bac-b3a3-845e3bcbd070]: FINISHED
[debug] [2020-03-09T16:33:33.432Z] [runtime-status] [2348] Functions runtime initialized. {"cwd":"/mnt/d/webProjects/trainingDoctor/functions","node_version":"12.6.0"}
[debug] [2020-03-09T16:33:33.435Z] [runtime-status] [2348] Disabled runtime features: {"functions_config_helper":true,"network_filtering":true,"timeout":true,"memory_limiting":true,"admin_stubs":true,"pubsub_emulator":true}
[debug] [2020-03-09T16:33:33.438Z] [runtime-status] [2348] Resolved module firebase-admin {"declared":true,"installed":true,"version":"8.9.2","resolution":"/mnt/d/webProjects/trainingDoctor/functions/node_modules/firebase-admin/lib/index.js"}
[debug] [2020-03-09T16:33:33.439Z] [runtime-status] [2348] Resolved module firebase-functions {"declared":true,"installed":true,"version":"3.3.0","resolution":"/mnt/d/webProjects/trainingDoctor/functions/node_modules/firebase-functions/lib/index.js"}
[debug] [2020-03-09T16:33:33.440Z] [runtime-status] [2348] Resolved module firebase-functions {"declared":true,"installed":true,"version":"3.3.0","resolution":"/mnt/d/webProjects/trainingDoctor/functions/node_modules/firebase-functions/lib/index.js"}
[debug] [2020-03-09T16:33:34.457Z] [worker-~diagnostic~-0b71ce38-b118-449c-9a88-486b29cc8976]: IDLE
